<?xml version="1.0" encoding="UTF-8"?>
<!-- Generated by org.testng.reporters.JUnitReportReporter -->
<testsuite hostname="KumarGaurav" failures="0" tests="1" name="lambdatest.TestScenario3" time="7.733" errors="0" timestamp="2024-10-11T21:23:39 IST" skipped="0">
  <testcase classname="lambdatest.TestScenario3" name="testScenario3" time="7.733"/>
  <system-out/>
</testsuite> <!-- lambdatest.TestScenario3 -->
