<?xml version="1.0" encoding="UTF-8"?>
<!-- Generated by org.testng.reporters.JUnitReportReporter -->
<testsuite hostname="KumarGaurav" failures="0" tests="3" name="SeleniumMaven.SeleniumMaven.Verify_Captcha_CodeUdyam" time="19.720" errors="0" timestamp="2024-10-11T18:27:48 IST" skipped="2">
  <testcase classname="SeleniumMaven.SeleniumMaven.Verify_Captcha_CodeUdyam" name="getCaptchaCode" time="19.720"/>
  <system-out/>
  <testcase classname="SeleniumMaven.SeleniumMaven.Verify_Captcha_CodeUdyam" name="verifyUdyamRegistration">
    <skipped/>
  </testcase> <!-- verifyUdyamRegistration -->
  <system-out/>
  <testcase classname="SeleniumMaven.SeleniumMaven.Verify_Captcha_CodeUdyam" name="getSingleUser_BDDStyle">
    <skipped/>
  </testcase> <!-- getSingleUser_BDDStyle -->
  <system-out/>
</testsuite> <!-- SeleniumMaven.SeleniumMaven.Verify_Captcha_CodeUdyam -->
